[CODE] LLBig (33)
- file: sample\arxiv_sources\1803.06808v3\SLE_martingale_arXiv.tex (line 220)
  error: \otimes_
  message: Consider using \bigotimes for subscripts and superscripts.
   219: on which $C$ and $L_{0}$ act as multiplication by $c$ and $h$, respectively.
>  220: The highest weight Verma module $M(c,h)$ of highest weight $(c,h)$ is defined by induction $M(c,h)=U(\mrm{Vir})\otimes_{U(\mrm{Vir}_{\ge 0})}\mbb{C}_{(c,h)}$,
   221: which is isomorphic to $U(\mrm{Vir}_{<0})\otimes \mbb{C}_{(c,h)}$ as a vector space or a $\mrm{Vir}_{<0}$-module.

- file: sample\arxiv_sources\1809.03940v3\DPBpaper.tex (line 744)
  error: \cap_
  message: Consider using \bigcap for subscripts and superscripts.
   743: each $D_n$ is dense,
>  744: and for all $X \in \cap_n D_n$, $X \in U \Leftrightarrow X \in A$.
   745: A basic proposition is that

- file: sample\arxiv_sources\1809.03940v3\DPBpaper.tex (line 762)
  error: \cap_
  message: Consider using \bigcap for subscripts and superscripts.
   761: $U,V,\{D_n\}$ is a \emph{Baire approximation} to $T$ if
>  762: for all $X \in \cap_n D_n$,
   763:   $X \in U \Rightarrow X \in \makeset T$ and

- file: sample\arxiv_sources\1809.03940v3\DPBpaper.tex (line 925)
  error: \cap_
  message: Consider using \bigcap for subscripts and superscripts.
   924: of $\Sigma^0_a$
>  925: codes for dense open sets $D_n$ such that for all $X \in \cap_k D_k$, 
   926: we have $X \in A$ if and only if $X \in U$.  

- file: sample\arxiv_sources\1809.03940v3\DPBpaper.tex (line 934)
  error: \cup_
  message: Consider using \bigcup for subscripts and superscripts.
   933: (in which case all sets described are clopen).  Suppose that it holds
>  934: for all $b<_\ast a$.  We have $A = \cup_n A_n$ where each 
   935: $A_n$ is $\Pi^0_{b_n}$ for some $b_n <_\ast a$.  Apply the 

- file: sample\arxiv_sources\1809.03940v3\DPBpaper.tex (line 939)
  error: \cap_
  message: Consider using \bigcap for subscripts and superscripts.
   938: of dense open sets $D_{n,k}$, where each $U_n$ and $D_{n,k}$
>  939: have a $\Sigma^0_{b_n}$ code, and any $X \in \cap_k D_{n,k}$ 
   940: is in $A_n^c$ if and only if it is in $U_n$.  Define $V_n$ to be the 

- file: sample\arxiv_sources\1809.03940v3\DPBpaper.tex (line 943)
  error: \cup_
  message: Consider using \bigcup for subscripts and superscripts.
   942: $\Sigma^0_{b_n+1}$ and thus $\Sigma^0_a$.  We can let 
>  943: $U = \cup_n V_n$ and let the sequence of dense open sets 
   944: include all sets $D_{n,k}$, as well as sets of the form $U_n \cup V_n$.

- file: sample\arxiv_sources\1809.03940v3\DPBpaper.tex (line 1222)
  error: \cup_
  message: Consider using \bigcup for subscripts and superscripts.
  1221: passes through at most one of these sets.  Any Baire 
> 1222: approximation to $\cup_{k : \phi_k \text{ is true }} [0^k1]$
  1223: computes $\{k : \phi_k \text{ is true}\}$.

- file: sample\arxiv_sources\1809.03940v3\DPBpaper.tex (line 1321)
  error: \cup_
  message: Consider using \bigcup for subscripts and superscripts.
  1320: letting $\sigma$ be a union node and $p \in 2^{<\omega}$, we will show 
> 1321: that $U_\sigma$ is dense in $[p]$ if and only if $\cup_n U_{\sigma\concat n}$ 
  1322: is dense in $[p]$.

- file: sample\arxiv_sources\1809.03940v3\DPBpaper.tex (line 1323)
  error: \cup_
  message: Consider using \bigcup for subscripts and superscripts.
  1322: is dense in $[p]$.
> 1323: Suppose that $\cup_n U_{\sigma\concat n}$ is not dense in $[p]$.  
  1324: Let $q$ extend $p$ such that for all $n$, 

- file: sample\arxiv_sources\1809.03940v3\DPBpaper.tex (line 1329)
  error: \cap_
  message: Consider using \bigcap for subscripts and superscripts.
  1328: \item For all $n$, $Y \in V_{\sigma\concat n}$
> 1329: \item\label{i2} For all $n$, $0^{\ceil {\sigma\concat n}}1\concat Y \in \cap_k D_k$
  1330: \item $Y \in U_\sigma \cup V_\sigma$

- file: sample\arxiv_sources\1809.03940v3\DPBpaper.tex (line 1331)
  error: \cap_
  message: Consider using \bigcap for subscripts and superscripts.
  1330: \item $Y \in U_\sigma \cup V_\sigma$
> 1331: \item\label{i4} $0^{\ceil \sigma}1\concat Y \in \cap_k D_k$
  1332: \end{enumerate}

- file: sample\arxiv_sources\1809.03940v3\DPBpaper.tex (line 1342)
  error: \cup_
  message: Consider using \bigcup for subscripts and superscripts.
  1341: On the other hand, if $U_\sigma$ is not dense in $[p]$, 
> 1342: then assuming $\cup_n U_{\sigma\concat n}$ is dense in $[p]$ 
  1343: leads to a contradiction, for we may similarly define $Y$ 

- file: sample\arxiv_sources\1809.03940v3\DPBpaper.tex (line 1344)
  error: \cup_
  message: Consider using \bigcup for subscripts and superscripts.
  1343: leads to a contradiction, for we may similarly define $Y$ 
> 1344: to meet $V_\sigma\cap [p]$ and $\cup_n U_{\sigma\concat n}$, 
  1345: while also satisfying (\ref{i2}) and (\ref{i4}).

- file: sample\arxiv_sources\1809.03940v3\DPBpaper.tex (line 1371)
  error: \cap_
  message: Consider using \bigcap for subscripts and superscripts.
  1370: $(U_\lambda, V_\lambda,  \{D_n\}_{n\in\omega})$ is a Baire code.  
> 1371: We must show that if $X \in \cap_n D_n$, then $X \in U_\lambda \implies 
  1372: X\in \makeset{T}$ and $X \in V_\lambda \implies X \in \makeset T^c$.

- file: sample\arxiv_sources\1809.03940v3\DPBpaper.tex (line 1373)
  error: \cap_
  message: Consider using \bigcap for subscripts and superscripts.
  1372: X\in \makeset{T}$ and $X \in V_\lambda \implies X \in \makeset T^c$.
> 1373: Fix $X\in \cap_n D_n$.  We prove by arithmetic transfinite induction 
  1374: that for all $\sigma \in T$, if $X \in U_\sigma$ then 

- file: sample\arxiv_sources\1809.03940v3\DPBpaper.tex (line 1387)
  error: \cup_
  message: Consider using \bigcup for subscripts and superscripts.
  1386: Then $U_\sigma \cap [p] = \emptyset$, so 
> 1387: $\cup_n U_{\sigma\concat n} \cap [p] =\emptyset$.  Recall that $U_{\sigma\concat n} \cup V_{\sigma\concat n}$ is dense by definition.  So for each $n$, 
  1388: $V_{\sigma \concat n}$ is dense in $[p]$.  Therefore, $X$ meets 

- file: sample\arxiv_sources\1809.03940v3\DPBpaper.tex (line 1558)
  error: \cap_
  message: Consider using \bigcap for subscripts and superscripts.
  1557: $(D_{m,\tau})_m \in \Delta^1_1$.  Therefore, for all 
> 1558: $p \in 2^{<\omega}$, we have $p\concat G_i, p\concat G_j \in \cap_m D_{m,\tau}$.
  1559: Therefore, if $p\concat G_i \in U_\tau$, then 

- file: sample\arxiv_sources\1809.03940v3\DPBpaper.tex (line 2223)
  error: \cap_
  message: Consider using \bigcap for subscripts and superscripts.
  2222: $D_{i,p} = \{q : p\concat q \in D_i\}$.
> 2223: We claim that any $G \in \cap_{i,p} D_{i,p}$ 
  2224: is $\Delta^1_1(Z)$-generic.  For this we argue that

- file: sample\arxiv_sources\1809.03940v3\DPBpaper.tex (line 2236)
  error: \cup_
  message: Consider using \bigcup for subscripts and superscripts.
  2235: We claim that $D_{\ell,p} \subseteq B$, where 
> 2236: $D_\ell = \cup_m U_{\sigma\concat m}\cup V_{\sigma}$.
  2237: Let $q$ be such that $p\concat q \in D_\ell$.

- file: sample\arxiv_sources\1809.03940v3\DPBpaper.tex (line 2244)
  error: \cap_
  message: Consider using \bigcap for subscripts and superscripts.
  2243: \begin{itemize}
> 2244: \item $X \in \cap_i D_i$, and
  2245: \item $X$ is 1-generic relative to $H_{b+O(1)}^Z$

- file: sample\arxiv_sources\1809.03940v3\DPBpaper.tex (line 2334)
  error: \cup_
  message: Consider using \bigcup for subscripts and superscripts.
  2333: ``Whenever there are Borel codes $T_1,\dots T_\ell$ such that 
> 2334: for every $X \in k^\omega$, we have $X \in \makeset{\cup_{i<\ell} T_i}$, 
  2335: ...''

- file: sample\arxiv_sources\1809.03940v3\DPBpaper.tex (line 2467)
  error: \cap_
  message: Consider using \bigcap for subscripts and superscripts.
  2466: at every node of $R$ except for the root and the nodes 
> 2467: of the distinguished subtree $\cap_{s>b} C_{a,b,s}$.  The leaves of 
  2468: that subtree can be $X\oplus A$-computably filled out. 

- file: sample\arxiv_sources\1809.03940v3\DPBpaper.tex (line 2470)
  error: \cap_
  message: Consider using \bigcap for subscripts and superscripts.
  2469: Then the root of $R$ and the root of the subtree 
> 2470: $\cap_{s>b} C_{a,b,s}$ may 
  2471: be non-uniformly supplied with their unique correct values.

- file: sample\arxiv_sources\1809.03940v3\DPBpaper.tex (line 2532)
  error: \cap_
  message: Consider using \bigcap for subscripts and superscripts.
  2531: everywhere except for the root of $R$ and the distinguished 
> 2532: subtree rooted at $\cap_{i\leq a}C_{a,b,d_i}$.  This subtree has well-founded 
  2533: rank $d_a + O(1)$, so the unique evaluation map on it is 

- file: sample\arxiv_sources\1809.03940v3\DPBpaper.tex (line 2573)
  error: \cup_
  message: Consider using \bigcup for subscripts and superscripts.
  2572: The subtle difference lies in the fact that if 
> 2573: $X \in \makeset{\cup_{i<\ell} T_i}$, the evaluation map 
  2574: for $X$ in that code must also prove that 

- file: sample\arxiv_sources\2604.02116v1\mainV2.tex (line 95)
  error: \oplus_
  message: Consider using \bigoplus for subscripts and superscripts.
    94: 
>   95: \noindent and, $\lbrace \psi(x - k), k \in \mathbb{Z}\rbrace$ constitutes a base for $W_0$, and scale and translation of this basis defined a basis for $W_j$. Since $\bigcup V_j =  L_2(\mathbb{R})$, and $V_{j + 1} = V_j \oplus W_j$ we say, for some integer $j_0 > 0$, that $ L_2(\mathbb{R}) = V_{j_0} \oplus_{j > j_0} W_j$ which means that any $L_2$ function can be written as 
    96: 

- file: sample\arxiv_sources\2604.02117v1\main.tex (line 984)
  error: \cup_
  message: Consider using \bigcup for subscripts and superscripts.
   983: \begin{proposition}\label{p:comm-ex}
>  984:     Let $(X, d)$ be a locally compact metric space such that $d$ extends to a metric $\wt{d}$ on the one-point compactification $\overline{X}=X\cup \{\infty\}$ that metrizes its topology. Let $\A=\overline{\cup_{n\in \N}\A_n}^{\|\cdot\|_\A}$ be a unital AF algebra equipped with faithful tracial state $\tau$ such that $\A_1=\C1_\A$, and for every $n\in \N$, $\A_n$ is a finite-dimensional C*-subalgebra of $\A$, $1_\A\in \A_n$, and $\A_n\subseteq \A_{n+1}$. Let $(\be(n))_{n\in \N}$ be a sequence of positive reals that converges to $0$.  Let $L_{\wt{d}}^{\A, \be}$ be the extended seminorm on $sa(C(\overline{X}, \A))$ of \cite[Theorem 3.10]{Aguilar19}. 
   985:     

- file: sample\arxiv_sources\2604.02208v1\MurashkaKuptsova.tex (line 288)
  error: \cap_
  message: Consider using \bigcap for subscripts and superscripts.
   287: 
>  288: \begin{proof} $(1)$ Let $\mathcal{K}$ be the set of all weak $\mathfrak{F}$-subnormalizers of $\mathfrak{H}$-subgroups of $G$ and $T\in \mathcal{K}$. Then $T$ is a weak $\mathfrak{F}$-subnormalizer of some $\mathfrak{H}$-subgroup $H$. Since $\mathfrak{H}$ is a class of group, $H^{\alpha}\in \mathfrak{H}$ for any $\alpha\in \mathrm{Aut}(G)$. Then $T^\alpha\in \mathcal{K}$ for any $\alpha\in \mathrm{Aut}(G)$ by Lemma~\ref{lem2}. Note that $$(\mathcal{I}_{\mathfrak{H}}^{\mathfrak{F}}(G))^{\alpha}=(\cap_{T\in \mathcal{K}}T)^{\alpha}=(\cap_{T\in \mathcal{K}}T^{\alpha^{-1}})^\alpha=\cap_{T\in \mathcal{K}}T^{\alpha^{-1}\alpha}=\cap_{T\in \mathcal{K}}T=\mathcal{I}_{\mathfrak{H}}^{\mathfrak{F}}(G)$$ for any $\alpha\in \mathrm{Aut}(G)$. Therefore $\mathcal{I}_{\mathfrak{H}}^{\mathfrak{F}}(G)$ is the characteristic subgroup of $G$.
   289: 

- file: sample\arxiv_sources\2604.02208v1\MurashkaKuptsova.tex (line 288)
  error: \cap_
  message: Consider using \bigcap for subscripts and superscripts.
   287: 
>  288: \begin{proof} $(1)$ Let $\mathcal{K}$ be the set of all weak $\mathfrak{F}$-subnormalizers of $\mathfrak{H}$-subgroups of $G$ and $T\in \mathcal{K}$. Then $T$ is a weak $\mathfrak{F}$-subnormalizer of some $\mathfrak{H}$-subgroup $H$. Since $\mathfrak{H}$ is a class of group, $H^{\alpha}\in \mathfrak{H}$ for any $\alpha\in \mathrm{Aut}(G)$. Then $T^\alpha\in \mathcal{K}$ for any $\alpha\in \mathrm{Aut}(G)$ by Lemma~\ref{lem2}. Note that $$(\mathcal{I}_{\mathfrak{H}}^{\mathfrak{F}}(G))^{\alpha}=(\cap_{T\in \mathcal{K}}T)^{\alpha}=(\cap_{T\in \mathcal{K}}T^{\alpha^{-1}})^\alpha=\cap_{T\in \mathcal{K}}T^{\alpha^{-1}\alpha}=\cap_{T\in \mathcal{K}}T=\mathcal{I}_{\mathfrak{H}}^{\mathfrak{F}}(G)$$ for any $\alpha\in \mathrm{Aut}(G)$. Therefore $\mathcal{I}_{\mathfrak{H}}^{\mathfrak{F}}(G)$ is the characteristic subgroup of $G$.
   289: 

- file: sample\arxiv_sources\2604.02208v1\MurashkaKuptsova.tex (line 288)
  error: \cap_
  message: Consider using \bigcap for subscripts and superscripts.
   287: 
>  288: \begin{proof} $(1)$ Let $\mathcal{K}$ be the set of all weak $\mathfrak{F}$-subnormalizers of $\mathfrak{H}$-subgroups of $G$ and $T\in \mathcal{K}$. Then $T$ is a weak $\mathfrak{F}$-subnormalizer of some $\mathfrak{H}$-subgroup $H$. Since $\mathfrak{H}$ is a class of group, $H^{\alpha}\in \mathfrak{H}$ for any $\alpha\in \mathrm{Aut}(G)$. Then $T^\alpha\in \mathcal{K}$ for any $\alpha\in \mathrm{Aut}(G)$ by Lemma~\ref{lem2}. Note that $$(\mathcal{I}_{\mathfrak{H}}^{\mathfrak{F}}(G))^{\alpha}=(\cap_{T\in \mathcal{K}}T)^{\alpha}=(\cap_{T\in \mathcal{K}}T^{\alpha^{-1}})^\alpha=\cap_{T\in \mathcal{K}}T^{\alpha^{-1}\alpha}=\cap_{T\in \mathcal{K}}T=\mathcal{I}_{\mathfrak{H}}^{\mathfrak{F}}(G)$$ for any $\alpha\in \mathrm{Aut}(G)$. Therefore $\mathcal{I}_{\mathfrak{H}}^{\mathfrak{F}}(G)$ is the characteristic subgroup of $G$.
   289: 

- file: sample\arxiv_sources\2604.02208v1\MurashkaKuptsova.tex (line 288)
  error: \cap_
  message: Consider using \bigcap for subscripts and superscripts.
   287: 
>  288: \begin{proof} $(1)$ Let $\mathcal{K}$ be the set of all weak $\mathfrak{F}$-subnormalizers of $\mathfrak{H}$-subgroups of $G$ and $T\in \mathcal{K}$. Then $T$ is a weak $\mathfrak{F}$-subnormalizer of some $\mathfrak{H}$-subgroup $H$. Since $\mathfrak{H}$ is a class of group, $H^{\alpha}\in \mathfrak{H}$ for any $\alpha\in \mathrm{Aut}(G)$. Then $T^\alpha\in \mathcal{K}$ for any $\alpha\in \mathrm{Aut}(G)$ by Lemma~\ref{lem2}. Note that $$(\mathcal{I}_{\mathfrak{H}}^{\mathfrak{F}}(G))^{\alpha}=(\cap_{T\in \mathcal{K}}T)^{\alpha}=(\cap_{T\in \mathcal{K}}T^{\alpha^{-1}})^\alpha=\cap_{T\in \mathcal{K}}T^{\alpha^{-1}\alpha}=\cap_{T\in \mathcal{K}}T=\mathcal{I}_{\mathfrak{H}}^{\mathfrak{F}}(G)$$ for any $\alpha\in \mathrm{Aut}(G)$. Therefore $\mathcal{I}_{\mathfrak{H}}^{\mathfrak{F}}(G)$ is the characteristic subgroup of $G$.
   289: 

- file: sample\arxiv_sources\2604.02306v1\Exp_Sums_Multi_GL.tex (line 2640)
  error: \cup_
  message: Consider using \bigcup for subscripts and superscripts.
  2639: since $\sum_{p\mid r}1/p\ll \log_2 r\ll \log_3 x$. 
> 2640:  For each $r\mid q$, let $\mathcal{X}(r)$ be the set of characters $\chi\bmod q/r$ such that $\chi$ is induced by one of the $\chi_j$ for $1\leq j\leq J-1$. Note that $|\mathcal{X}(r)|\leq J-1$. Using the Cauchy-Schwarz inequality, together with Theorem \ref{Thm:PretentiousLSieve} and the estimates   \eqref{Eq:BoundRepulsive} and \eqref{Eq:DistanceImprimitive},   we deduce that the contribution to \eqref{Eq:IdentityCharacters}  of all characters $\chi \notin \cup_{r\mid q} \mathcal{X}(r) $ is
  2641: \begin{align}\label{Eq:BadCharPretentious}

