[CODE] LLHeading (7)
- file: sample\arxiv_sources\2412.13041v1\Formatting-Instructions-LaTeX-2025.tex (line 299)
  error: \subsubsection{
  message: Found \subsubsection without a preceding \subsection.
   298: 
>  299: \subsubsection{Overview}
   300: Diagnostic data is generated by various \textit{Electronic Control Units} (ECU) in a vehicle at irregular intervals. Diagnostic data differs substantially from raw sensor data, since diagnostic data or fault events are categorical and relate to various problems within the vehicle. We construct a \textit{Diagnosis Trouble Code} (DTC) indicating the precise error from 3 pieces of information arriving at the same timestamp $ts$ and mileage $d$: (1) the ID number of the ECU, (2) an error code (\textit{Base-DTC}) and (3) a \textit{Fault-Byte}. A single DTC token is composed of these 3 elements:

- file: sample\arxiv_sources\2507.20527v3\appendix.tex (line 518)
  error: \subsubsection*{
  message: Found \subsubsection without a preceding \subsection.
   517: 
>  518: \subsubsection*{Step 1: Identify G using the concept of Cyclic Groups}
   519: 

- file: sample\arxiv_sources\2508.15096v1\iclr2025_conference.tex (line 453)
  error: \subsubsection*{
  message: Found \subsubsection without a preceding \subsection.
   452: 
>  453: \subsubsection*{Acknowledgments}
   454: We would like to thank Markus Kliegl for the original suggestion to explore text based browsers, and Ying Lin for their helpful comments and suggestions.

- file: sample\submodules\coursebook\appendix\appendix.tex (line 337)
  error: \subsubsection{
  message: Found \subsubsection without a preceding \subsection.
   336: 
>  337: \subsubsection{Explanation of the Fork-FILE Problem}
   338: 

- file: sample\submodules\coursebook\threads\threads.tex (line 273)
  error: \subsubsection{
  message: Found \subsubsection without a preceding \subsection.
   272: 
>  273: \subsubsection{A day at the races}
   274: 

- file: sample\submodules\openintro-statistics\extraTeX\preamble\preface.tex (line 59)
  error: \subsection*{
  message: Found \subsection without a preceding \section.
    58: 
>   59: \subsection*{{\color{oiB}Textbook overview}}
    60: 

- file: sample\submodules\openintro-statistics\extraTeX\preamble\review_copy.tex (line 10)
  error: \subsection*{
  message: Found \subsection without a preceding \section.
     9: 
>   10: \subsection*{What *not* to watch for}
    11: 

