[CODE] LLSortedCites (7)
- file: sample\arxiv_sources\2310.09590v2\Pseudo-Dual.tex (line 354)
  error: \bibliography{
  message: Consider automatically sorting citations. See the link for details.
   353: 
>  354: \bibliography{Pseudo-Dual}
   355: 

- file: sample\arxiv_sources\2509.19112v2\neurips_2025.tex (line 567)
  error: \bibliography{
  message: Consider automatically sorting citations. See the link for details.
   566: 
>  567: \bibliography{math}
   568: 

- file: sample\arxiv_sources\2509.19112v3\neurips_2025.tex (line 567)
  error: \bibliography{
  message: Consider automatically sorting citations. See the link for details.
   566: 
>  567: \bibliography{math}
   568: 

- file: sample\arxiv_sources\2509.23213v2\neurips_2025.tex (line 350)
  error: \bibliography{
  message: Consider automatically sorting citations. See the link for details.
   349: 
>  350: \bibliography{math}
   351: \appendix

- file: sample\arxiv_sources\2511.08548v1\neurips_2025.tex (line 436)
  error: \bibliography{
  message: Consider automatically sorting citations. See the link for details.
   435: \bibliographystyle{plain}
>  436: \bibliography{anthology}
   437: \appendix

- file: sample\arxiv_sources\2604.02137v1\main_v3.tex (line 559)
  error: \bibliography{
  message: Consider automatically sorting citations. See the link for details.
   558: \bibliographystyle{plain}
>  559: \bibliography{bibmodel_2}
   560: 

- file: sample\arxiv_sources\2604.02139v1\main.tex (line 472)
  error: \bibliography{
  message: Consider automatically sorting citations. See the link for details.
   471: 
>  472: \bibliography{bibliography.bib}
   473: 

