Checked 1313 files. Diagnostics: 10452. Files with diagnostics: 699. Codes: 30. Failures: 0.
Per-code logs:
- LLAlignAnd.log
- LLAlignEnd.log
- LLAlignSingleLine.log
- LLArticle.log
- LLBig.log
- LLBracketMissing.log
- LLBracketRound.log
- LLColonEqq.log
- LLColonForMapping.log
- LLDoubleQuotes.log
- LLENDash.log
- LLEqnarray.log
- LLErrCompOps.log
- LLFootnote.log
- LLHeading.log
- LLLlGg.log
- LLMathPunctuation.log
- LLNonstandard.log
- LLOperator.log
- LLPeriod.log
- LLRefEq.log
- LLSI.log
- LLSortedCites.log
- LLSpaceEnglish.log
- LLSpaceJapanese.log
- LLT.log
- LLTextLint.log
- LLThousands.log
- LLTitle.log
- LLUnRef.log

