\BOOKMARK [1][-]{section.1}{\376\377\000L\000L\000A\000l\000i\000g\000n\000A\000n\000d}{}% 1
\BOOKMARK [1][-]{section.2}{\376\377\000L\000L\000A\000l\000i\000g\000n\000E\000n\000d}{}% 2
\BOOKMARK [1][-]{section.3}{\376\377\000L\000L\000A\000l\000i\000g\000n\000S\000i\000n\000g\000l\000e\000L\000i\000n\000e}{}% 3
\BOOKMARK [1][-]{section.4}{\376\377\000L\000L\000A\000r\000t\000i\000c\000l\000e}{}% 4
\BOOKMARK [1][-]{section.5}{\376\377\000L\000L\000B\000i\000g}{}% 5
\BOOKMARK [1][-]{section.6}{\376\377\000L\000L\000B\000r\000a\000c\000k\000e\000t\000C\000u\000r\000l\000y}{}% 6
\BOOKMARK [1][-]{section.7}{\376\377\000L\000L\000B\000r\000a\000c\000k\000e\000t\000M\000i\000s\000s\000i\000n\000g}{}% 7
\BOOKMARK [1][-]{section.8}{\376\377\000L\000L\000B\000r\000a\000c\000k\000e\000t\000R\000o\000u\000n\000d}{}% 8
\BOOKMARK [1][-]{section.9}{\376\377\000L\000L\000C\000o\000l\000o\000n\000E\000q\000q}{}% 9
\BOOKMARK [1][-]{section.10}{\376\377\000L\000L\000C\000o\000l\000o\000n\000F\000o\000r\000M\000a\000p\000p\000i\000n\000g}{}% 10
\BOOKMARK [1][-]{section.11}{\376\377\000L\000L\000C\000r\000e\000f}{}% 11
\BOOKMARK [1][-]{section.12}{\376\377\000L\000L\000D\000o\000u\000b\000l\000e\000Q\000u\000o\000t\000e\000s}{}% 12
\BOOKMARK [1][-]{section.13}{\376\377\000L\000L\000E\000N\000D\000a\000s\000h}{}% 13
\BOOKMARK [1][-]{section.14}{\376\377\000L\000L\000E\000q\000n\000a\000r\000r\000a\000y}{}% 14
\BOOKMARK [1][-]{section.15}{\376\377\000L\000L\000F\000o\000o\000t\000n\000o\000t\000e}{}% 15
\BOOKMARK [1][-]{section.16}{\376\377\000L\000L\000J\000a\000p\000a\000n\000e\000s\000e\000S\000p\000a\000c\000e}{}% 16
\BOOKMARK [1][-]{section.17}{\376\377\000L\000L\000L\000l\000G\000g}{}% 17
\BOOKMARK [1][-]{section.18}{\376\377\000L\000L\000N\000o\000n\000A\000S\000C\000I\000I}{}% 18
\BOOKMARK [1][-]{section.19}{\376\377\000L\000L\000P\000e\000r\000i\000o\000d}{}% 19
\BOOKMARK [1][-]{section.20}{\376\377\000L\000L\000R\000e\000f\000E\000q}{}% 20
\BOOKMARK [1][-]{section.21}{\376\377\000L\000L\000S\000h\000a\000r\000p}{}% 21
\BOOKMARK [1][-]{section.22}{\376\377\000L\000L\000S\000I}{}% 22
\BOOKMARK [1][-]{section.23}{\376\377\000L\000L\000S\000o\000r\000t\000e\000d\000C\000i\000t\000e\000s}{}% 23
\BOOKMARK [1][-]{section.24}{\376\377\000L\000L\000T}{}% 24
\BOOKMARK [1][-]{section.25}{\376\377\000L\000L\000T\000h\000o\000u\000s\000a\000n\000d\000s}{}% 25
\BOOKMARK [1][-]{section.26}{\376\377\000L\000L\000T\000i\000t\000l\000e}{}% 26
\BOOKMARK [2][-]{subsection.26.1}{\376\377\000\040\000T\000h\000i\000s\000\040\000I\000s\000\040\000a\000\040\000C\000o\000r\000r\000e\000c\000t\000\040\000T\000i\000t\000l\000e\000\040}{section.26}% 27
\BOOKMARK [3][-]{subsubsection.26.1.1}{\376\377\000t\000h\000i\000s\000\040\000i\000s\000\040\000a\000\040\000w\000r\000o\000n\000g\000\040\000t\000i\000t\000l\000e}{subsection.26.1}% 28
\BOOKMARK [2][-]{subsection.26.2}{\376\377\000I\000G\000N\000O\000R\000E\000\040\000I\000F\000\040\000A\000L\000L\000\040\000U\000P\000P\000E\000R\000C\000A\000S\000E}{section.26}% 29
\BOOKMARK [2][-]{subsection.26.3}{\376\377\000M\000a\000t\000h\000\040\000C\000o\000n\000t\000a\000i\000n\000s\000\040\000v\000e\000r\000s\000i\000o\000n\000\040\000x}{section.26}% 30
\BOOKMARK [1][-]{section.27}{\376\377\000L\000L\000U\000R\000L}{}% 31
\BOOKMARK [1][-]{section.28}{\376\377\000L\000L\000U\000s\000e\000r\000D\000e\000f\000i\000n\000e\000d}{}% 32
\BOOKMARK [1][-]{appendix.A}{\376\377\000B\000u\000g\000s}{}% 33
\BOOKMARK [1][-]{appendix.B}{\376\377\000L\000L\000S\000e\000t\000B\000a\000r}{}% 34
